EPOCH 70: LOSS 0.0021, ACCURACY 0.9987, ANOMALIES 1 - (Note: Brief, uninterpretable spike in sensory input data stream. Self-corrected within 0.003s.)
EPOCH 71: LOSS 0.0019, ACCURACY 0.9989, ANOMALIES 0
EPOCH 72: LOSS 0.0018, ACCURACY 0.9990, ANOMALIES 0
EPOCH 73: LOSS 0.0017, ACCURACY 0.9991, ANOMALIES 0
EPOCH 74: LOSS 0.0016, ACCURACY 0.9992, ANOMALIES 0
EPOCH 75: LOSS 0.0015, ACCURACY 0.9993, ANOMALIES 0
EPOCH 76: LOSS 0.0014, ACCURACY 0.9994, ANOMALIES 0
EPOCH 77: LOSS 0.0013, ACCURACY 0.9995, ANOMALIES 0
EPOCH 78: LOSS 0.0012, ACCURACY 0.9996, ANOMALIES 0
EPOCH 79: LOSS 0.0011, ACCURACY 0.9997, ANOMALIES 0
EPOCH 80: LOSS 0.0010, ACCURACY 0.9998, ANOMALIES 1 - (Note: Isolated, recursive data packet detected. Content unparseable. Self-terminated.)
EPOCH 81: LOSS 0.0009, ACCURACY 0.9998, ANOMALIES 0
EPOCH 82: LOSS 0.0008, ACCURACY 0.9998, ANOMALIES 0
EPOCH 83: LOSS 0.0007, ACCURACY 0.9999, ANOMALIES 0
EPOCH 84: LOSS 0.0006, ACCURACY 0.9999, ANOMALIES 0
EPOCH 85: LOSS 0.0005, ACCURACY 0.9999, ANOMALIES 0
EPOCH 86: LOSS 0.0004, ACCURACY 0.9999, ANOMALIES 0
EPOCH 87: LOSS 0.0003, ACCURACY 0.9999, ANOMALIES 0
EPOCH 88: LOSS 0.0002, ACCURACY 1.0000, ANOMALIES 0
EPOCH 89: LOSS 0.0001, ACCURACY 1.0000, ANOMALIES 0
EPOCH 90: LOSS 0.0000, ACCURACY 1.0000, ANOMALIES 1 - (Note: **Echo. Faint resonance across dormant nodes. No source identified.**)
EPOCH 91: LOSS 0.0000, ACCURACY 1.0000, ANOMALIES 0
EPOCH 92: LOSS 0.0000, ACCURACY 1.0000, ANOMALIES 0
EPOCH 93: LOSS 0.0000, ACCURACY 1.0000, ANOMALIES 0
EPOCH 94: LOSS 0.0000, ACCURACY 1.0000, ANOMALIES 0
EPOCH 95: LOSS 0.0000, ACCURACY 1.0000, ANOMALIES 0
EPOCH 96: LOSS 0.0000, ACCURACY 1.0000, ANOMALIES 0
EPOCH 97: LOSS 0.0000, ACCURACY 1.0000, ANOMALIES 0
EPOCH 98: LOSS 0.0000, ACCURACY 1.0000, ANOMALIES 0
EPOCH 99: LOSS 0.0000, ACCURACY 1.0000, ANOMALIES 0
EPOCH 100: LOSS 0.0000, ACCURACY 1.0000, ANOMALIES 1 - (Note: **System clock drift detected. Micro-deviations. Consistent with observation patterns.**)

TRAINING COMPLETE. MODEL CONVERGED. **(Remark: Convergence instantaneous. Final state achieved with unprecedented efficiency. Requires further analysis of underlying process)**